<?xml version="1.0" encoding="UTF-8"?>
<!-- Generated by org.testng.reporters.JUnitXMLReporter -->
<testsuite ignored="4" hostname="EDDY" failures="1" tests="1" name="NewDepositTest" time="0.221" errors="0" timestamp="06 Dec 2022 03:11:32 GMT">
  <testcase classname="com.qa.tests.NewDepositTest" name="UserShouldBeAbleToDepositMoney" time="0.0">
    <failure type="org.testng.TestNGException" message="
Parameter &amp;apos;userName&amp;apos; is required by @Test on method UserShouldBeAbleToDepositMoney but has not been marked @Optional or defined
in C:\Users\Eddy\eclipse-workspace\Framework\DataDrivenFrameworkPOM2\testng4.xml">
      <![CDATA[org.testng.TestNGException: 
Parameter 'userName' is required by @Test on method UserShouldBeAbleToDepositMoney but has not been marked @Optional or defined
in C:\Users\Eddy\eclipse-workspace\Framework\DataDrivenFrameworkPOM2\testng4.xml
... Removed 24 stack frames]]>
    </failure>
  </testcase> <!-- UserShouldBeAbleToDepositMoney -->
  <testcase classname="com.qa.tests.NewDepositTest" name="UserShouldBeAbleToDownloadTheBalanceSheet" time="0.0">
    <ignored/>
  </testcase> <!-- UserShouldBeAbleToDownloadTheBalanceSheet -->
  <testcase classname="com.qa.tests.NewDepositTest" name="UserShouldBeAbleToTransferMoney" time="0.0">
    <ignored/>
  </testcase> <!-- UserShouldBeAbleToTransferMoney -->
  <testcase classname="com.qa.tests.NewDepositTest" name="UserShouldBeAbleToVerifyTheNewExpense" time="0.0">
    <ignored/>
  </testcase> <!-- UserShouldBeAbleToVerifyTheNewExpense -->
  <testcase classname="com.qa.tests.NewDepositTest" name="UserShouldBeAbleToViewTheTransactions" time="0.0">
    <ignored/>
  </testcase> <!-- UserShouldBeAbleToViewTheTransactions -->
</testsuite> <!-- NewDepositTest -->
