<?xml version="1.0" encoding="UTF-8"?>
<!-- Generated by org.testng.reporters.JUnitXMLReporter -->
<testsuite ignored="0" hostname="EDDY" failures="1" tests="1" name="NewDepositTest" time="22.701" errors="0" timestamp="07 Sep 2022 16:11:14 GMT">
  <testcase classname="com.qa.tests.NewDepositTest" name="UserShouldBeAbleToDepositMoney" time="15.69">
    <failure type="java.lang.AssertionError" message="Transaction Added Successfully message did not display!!!!!! expected [Transaction Added Successfully] but found []">
      <![CDATA[java.lang.AssertionError: Transaction Added Successfully message did not display!!!!!! expected [Transaction Added Successfully] but found []
at com.qa.pages.NewDepositPage.validateTransactionTextMessage(NewDepositPage.java:66)
at com.qa.tests.NewDepositTest.UserShouldBeAbleToDepositMoney(NewDepositTest.java:73)
... Removed 30 stack frames]]>
    </failure>
  </testcase> <!-- UserShouldBeAbleToDepositMoney -->
</testsuite> <!-- NewDepositTest -->
