<?xml version="1.0" encoding="UTF-8"?>
<!-- Generated by org.testng.reporters.JUnitXMLReporter -->
<testsuite ignored="4" hostname="EDDY" failures="1" tests="1" name="NewDepositTest" time="25.228" errors="0" timestamp="06 Dec 2022 03:13:04 GMT">
  <testcase classname="com.qa.tests.NewDepositTest" name="UserShouldBeAbleToDepositMoney" time="19.556">
    <failure type="org.openqa.selenium.NoSuchElementException" message="Cannot locate element with text: Checking
For documentation on this error, please visit: https://www.seleniumhq.org/exceptions/no_such_element.html
Build info: version: &amp;apos;3.141.59&amp;apos;, revision: &amp;apos;e82be7d358&amp;apos;, time: &amp;apos;2018-11-14T08:17:03&amp;apos;
System info: host: &amp;apos;EDDY&amp;apos;, ip: &amp;apos;172.26.240.1&amp;apos;, os.name: &amp;apos;Windows 10&amp;apos;, os.arch: &amp;apos;amd64&amp;apos;, os.version: &amp;apos;10.0&amp;apos;, java.version: &amp;apos;14.0.1&amp;apos;
Driver info: driver.version: unknown">
      <![CDATA[org.openqa.selenium.NoSuchElementException: Cannot locate element with text: Checking
For documentation on this error, please visit: https://www.seleniumhq.org/exceptions/no_such_element.html
Build info: version: '3.141.59', revision: 'e82be7d358', time: '2018-11-14T08:17:03'
System info: host: 'EDDY', ip: '172.26.240.1', os.name: 'Windows 10', os.arch: 'amd64', os.version: '10.0', java.version: '14.0.1'
Driver info: driver.version: unknown
at org.openqa.selenium.support.ui.Select.selectByVisibleText(Select.java:147)
at com.qa.utils.Utilities.dropDownList(Utilities.java:135)
at com.qa.pages.NewDepositPage.chooseAnAccount(NewDepositPage.java:87)
at com.qa.tests.NewDepositTest.UserShouldBeAbleToDepositMoney(NewDepositTest.java:53)
at java.base/java.util.concurrent.FutureTask.run(FutureTask.java:264)
at java.base/java.util.concurrent.ThreadPoolExecutor.runWorker(ThreadPoolExecutor.java:1130)
at java.base/java.util.concurrent.ThreadPoolExecutor$Worker.run(ThreadPoolExecutor.java:630)
at java.base/java.lang.Thread.run(Thread.java:832)
... Removed 16 stack frames]]>
    </failure>
  </testcase> <!-- UserShouldBeAbleToDepositMoney -->
  <testcase classname="com.qa.tests.NewDepositTest" name="UserShouldBeAbleToDownloadTheBalanceSheet" time="0.0">
    <ignored/>
  </testcase> <!-- UserShouldBeAbleToDownloadTheBalanceSheet -->
  <testcase classname="com.qa.tests.NewDepositTest" name="UserShouldBeAbleToTransferMoney" time="0.0">
    <ignored/>
  </testcase> <!-- UserShouldBeAbleToTransferMoney -->
  <testcase classname="com.qa.tests.NewDepositTest" name="UserShouldBeAbleToVerifyTheNewExpense" time="0.0">
    <ignored/>
  </testcase> <!-- UserShouldBeAbleToVerifyTheNewExpense -->
  <testcase classname="com.qa.tests.NewDepositTest" name="UserShouldBeAbleToViewTheTransactions" time="0.0">
    <ignored/>
  </testcase> <!-- UserShouldBeAbleToViewTheTransactions -->
</testsuite> <!-- NewDepositTest -->
