<?xml version="1.0" encoding="UTF-8"?>
<!-- Generated by org.testng.reporters.JUnitReportReporter -->
<testsuite hostname="EDDY" failures="0" tests="5" name="com.qa.tests.NewDepositTest" time="16.313" errors="1" timestamp="07 Dec 2022 05:41:41 GMT" skipped="0">
  <testcase classname="com.qa.tests.NewDepositTest" name="UserShouldBeAbleToDepositMoney" time="3.276">
    <error message="
Parameter &#039;userName&#039; is required by @Test on method UserShouldBeAbleToDepositMoney but has not been marked @Optional or defined
in C:\Users\Eddy\AppData\Local\Temp\testng-eclipse--148110595\testng-customsuite.xml" type="org.testng.TestNGException">
      <![CDATA[org.testng.TestNGException: 
Parameter 'userName' is required by @Test on method UserShouldBeAbleToDepositMoney but has not been marked @Optional or defined
in C:\Users\Eddy\AppData\Local\Temp\testng-eclipse--148110595\testng-customsuite.xml
at org.testng.internal.Parameters.createParams(Parameters.java:290)
at org.testng.internal.Parameters.createParametersForMethod(Parameters.java:359)
at org.testng.internal.Parameters.createParameters(Parameters.java:620)
at org.testng.internal.Parameters.handleParameters(Parameters.java:769)
at org.testng.internal.ParameterHandler.handleParameters(ParameterHandler.java:49)
at org.testng.internal.ParameterHandler.createParameters(ParameterHandler.java:37)
at org.testng.internal.Invoker.invokeTestMethods(Invoker.java:924)
at org.testng.internal.TestMethodWorker.invokeTestMethods(TestMethodWorker.java:125)
at org.testng.internal.TestMethodWorker.run(TestMethodWorker.java:109)
at org.testng.TestRunner.privateRun(TestRunner.java:648)
at org.testng.TestRunner.run(TestRunner.java:505)
at org.testng.SuiteRunner.runTest(SuiteRunner.java:455)
at org.testng.SuiteRunner.runSequentially(SuiteRunner.java:450)
at org.testng.SuiteRunner.privateRun(SuiteRunner.java:415)
at org.testng.SuiteRunner.run(SuiteRunner.java:364)
at org.testng.SuiteRunnerWorker.runSuite(SuiteRunnerWorker.java:52)
at org.testng.SuiteRunnerWorker.run(SuiteRunnerWorker.java:84)
at org.testng.TestNG.runSuitesSequentially(TestNG.java:1208)
at org.testng.TestNG.runSuitesLocally(TestNG.java:1137)
at org.testng.TestNG.runSuites(TestNG.java:1049)
at org.testng.TestNG.run(TestNG.java:1017)
at org.testng.remote.AbstractRemoteTestNG.run(AbstractRemoteTestNG.java:115)
at org.testng.remote.RemoteTestNG.initAndRun(RemoteTestNG.java:251)
at org.testng.remote.RemoteTestNG.main(RemoteTestNG.java:77)
]]>
    </error>
  </testcase> <!-- UserShouldBeAbleToDepositMoney -->
  <testcase classname="com.qa.tests.NewDepositTest" name="UserShouldBeAbleToVerifyTheNewExpense" time="3.284"/>
  <testcase classname="com.qa.tests.NewDepositTest" name="UserShouldBeAbleToTransferMoney" time="6.492"/>
  <testcase classname="com.qa.tests.NewDepositTest" name="UserShouldBeAbleToViewTheTransactions" time="3.259"/>
  <testcase classname="com.qa.tests.NewDepositTest" name="UserShouldBeAbleToDownloadTheBalanceSheet" time="0.002"/>
</testsuite> <!-- com.qa.tests.NewDepositTest -->
